<?xml version="1.0" encoding="UTF-8"?>
<!-- Generated by org.testng.reporters.JUnitXMLReporter -->
<testsuite ignored="0" hostname="LAPTOP-65" failures="0" tests="6" name="Test" time="37.576" errors="0" timestamp="2024-11-27T09:53:52 IST">
  <testcase classname="testCases.TC001_AccountRegistrationTest" name="verify_Account_Registration" time="1.852"/>
  <testcase classname="testCases.TC002_LoginTest" name="verify_login" time="1.238"/>
  <testcase classname="testCases.TC003_LoginTestDDT" name="verify_loginDDT" time="4.925"/>
  <testcase classname="testCases.TC003_LoginTestDDT" name="verify_loginDDT" time="6.996"/>
  <testcase classname="testCases.TC003_LoginTestDDT" name="verify_loginDDT" time="6.974"/>
  <testcase classname="testCases.TC003_LoginTestDDT" name="verify_loginDDT" time="5.125"/>
</testsuite> <!-- Test -->
